<?xml version="1.0" encoding="utf-8"?><testsuites><testsuite name="pytest" errors="0" failures="0" skipped="0" tests="4" time="0.015" timestamp="2024-06-16T12:10:25.680445" hostname="black-panther"><testcase classname="tests.test_addition" name="test_addition" time="0.000" /><testcase classname="tests.test_division" name="test_division" time="0.000" /><testcase classname="tests.test_multiplication" name="test_multiplication" time="0.000" /><testcase classname="tests.test_subtraction" name="test_subtraction" time="0.000" /></testsuite></testsuites>